<?xml version="1.0" encoding="UTF-8"?>
<testsuite xmlns:xsi="http://www.w3.org/2001/XMLSchema-instance" xsi:noNamespaceSchemaLocation="https://maven.apache.org/surefire/maven-surefire-plugin/xsd/surefire-test-report-3.0.xsd" version="3.0" name="MessageSenderTest" time="0.751" tests="3" errors="0" skipped="0" failures="0">
  <properties>
[...]
</properties>
  <testcase name="test_get_russia_message_if_ip_172" classname="MessageSenderTest" time="0.745">
    <system-out><![CDATA[Отправлено сообщение: Добро пожаловать в Россию]]></system-out>
    <system-err><![CDATA[WARNING: A Java agent has been loaded dynamically (C:\Users\User\.m2\repository\net\bytebuddy\byte-buddy-agent\1.14.8\byte-buddy-agent-1.14.8.jar)
WARNING: If a serviceability tool is in use, please run with -XX:+EnableDynamicAgentLoading to hide this warning
WARNING: If a serviceability tool is not in use, please run with -Djdk.instrument.traceUsage for more information
WARNING: Dynamic loading of agents will be disallowed by default in a future release
]]></system-err>
  </testcase>
  <testcase name="test_get_usa_message_if_ip_16" classname="MessageSenderTest" time="0.002">
    <system-out><![CDATA[Отправлено сообщение: Welcome]]></system-out>
  </testcase>
  <testcase name="test_get_usa_message_if_ip_96" classname="MessageSenderTest" time="0.002">
    <system-out><![CDATA[Отправлено сообщение: Welcome]]></system-out>
  </testcase>
</testsuite>